Cleaned existing results directory "buildrunner.results"

Global configuration is from: /etc/buildrunner/buildrunner.yaml, /Users/dbunker/.buildrunner.yaml, /Users/dbunker/dev/home_projects/py_ecowater/.buildrunner.yaml
Creating source archive

Running step "bump-version"
________________________________________
==> Running step: bump-version:run
Pull was not specified in configuration, defaulting to True
Creating build container from image "ghcr.io/ejsuncy/tool-build-bump2version:0.1.0"
Creating source image
Created source container 8ed662c423
Created Docker daemon container 23e39875f0
[16:59:26] [bump-version] Mounting /Users/dbunker/dev/home_projects/py_ecowater -> /bump:rw
Pulling image ghcr.io/ejsuncy/tool-build-bump2version:0.1.0
...
Image pulled successfully
Started build container 2b200ac788
[16:59:27] [bump-version] cmd> bump2version ${BUMP_TYPE}
[16:59:27] [bump-version] + bump2version alpha
[16:59:27] [bump-version] Command "bump2version ${BUMP_TYPE}" exited with code 0
[16:59:27] [bump-version] 
[16:59:27] [bump-version] 
Destroying build container 2b200ac788
Destroying Docker daemon container 23e39875f0
Destroying source container 8ed662c423

Finalizing build
________________________________________

Push not requested

Writing artifact properties
Removing local copy of generated images
Destroying source image 4e2626380f55
Destroying source archive

Build SUCCESS.
